<?xml version="1.0" encoding="UTF-8"?>
<!-- Generated by org.testng.reporters.JUnitReportReporter -->
<testsuite hostname="deepak-Acer-One-14-Z2-485" failures="0" tests="1" name="Test1.validate_july_date" time="9.744" errors="0" timestamp="2023-05-15T22:09:09 IST" skipped="0">
  <testcase classname="Test1.validate_july_date" name="Verifyuserenterjuly" time="9.744"/>
  <system-out/>
</testsuite> <!-- Test1.validate_july_date -->
